error: undefined {"code":4,"name":"INVALID cartID or productID"}
error: undefined
error: The ID is incorrect to update
fatal: FATAL ERROR LOG
error: ERROR LOG
fatal: FATAL ERROR LOG
error: ERROR LOG
error: undefined
error: undefined
error: undefined
error: undefined
error: undefined
error: undefined
error: undefined
error: undefined
error: undefined
error: undefined
error: undefined
error: undefined
error: undefined
error: undefined
error: undefined
error: undefined
error: undefined
error: undefined
error: undefined
error: undefined
error: undefined
error: undefined
error: undefined
error: undefined
error: undefined
error: undefined
error: undefined
error: undefined
error: undefined
error: undefined
error: undefined
error: undefined
error: undefined
error: undefined
error: undefined
error: undefined
error: undefined
error: undefined
error: undefined
error: undefined
error: undefined {"code":4,"name":"ID NOT FOUND"}
error: undefined
error: undefined {"code":4,"name":"ID NOT FOUND"}
error: undefined
error: undefined {"code":4,"name":"ID NOT FOUND"}
error: undefined
error: undefined {"code":4,"name":"ID NOT FOUND"}
error: undefined
error: undefined {"code":4,"name":"ID NOT FOUND"}
error: undefined
error: undefined {"code":4,"name":"ID NOT FOUND"}
error: undefined
error: undefined {"code":4,"name":"ID NOT FOUND"}
error: undefined
error: undefined {"code":4,"name":"ID NOT FOUND"}
error: undefined
error: undefined {"code":4,"name":"ID NOT FOUND"}
error: undefined
error: undefined {"code":4,"name":"ID NOT FOUND"}
error: undefined
error: undefined {"code":4,"name":"ID NOT FOUND"}
error: undefined
error: undefined {"code":4,"name":"ID NOT FOUND"}
error: undefined
error: undefined {"code":4,"name":"ID NOT FOUND"}
error: undefined
error: undefined {"code":4,"name":"ID NOT FOUND"}
error: undefined {"code":4,"name":"ID NOT FOUND"}
error: undefined
error: undefined {"code":4,"name":"ID NOT FOUND"}
error: undefined
error: undefined {"code":4,"name":"ID NOT FOUND"}
error: undefined
error: undefined {"code":4,"name":"ID NOT FOUND"}
error: undefined {"code":4,"name":"ID NOT FOUND"}
error: undefined
error: The ID is incorrect to update
error: undefined {"code":4,"name":"ID NOT FOUND"}
error: undefined {"code":4,"name":"ID NOT FOUND"}
error: undefined
error: undefined
error: The ID is incorrect to update
error: undefined
error: The ID is incorrect to update
error: undefined
error: The ID is incorrect to update
error: undefined
error: The ID is incorrect to update
error: undefined
error: The ID is incorrect to update
error: undefined
error: The ID is incorrect to update
error: undefined
error: The ID is incorrect to update
error: undefined
error: The ID is incorrect to update
error: undefined
error: The ID is incorrect to update
error: undefined
error: undefined
error: The ID is incorrect to update
error: undefined
error: undefined
error: The ID is incorrect to update
error: undefined
error: undefined
error: The ID is incorrect to update
error: undefined
error: undefined
error: The ID is incorrect to update
error: undefined
error: undefined
error: The ID is incorrect to update
error: undefined
error: undefined
error: The ID is incorrect to update
error: undefined
error: undefined
error: The ID is incorrect to update
error: undefined
error: undefined
error: The ID is incorrect to update
error: undefined
error: undefined
error: The ID is incorrect to update
error: undefined
error: undefined
error: The ID is incorrect to update
error: undefined
error: undefined
error: The ID is incorrect to update
error: undefined
error: undefined
error: The ID is incorrect to update
error: NO SE
error: undefined
error: The ID is incorrect to update
error: undefined
error: undefined
error: The ID is incorrect to update
error: undefined
error: undefined
error: The ID is incorrect to update
error: undefined
error: undefined
error: The ID is incorrect to update
error: undefined
error: undefined
error: undefined
error: The ID is incorrect to update
error: undefined
error: undefined
error: The ID is incorrect to update
error: undefined
